SF:lib\datasource\trainings\training_datasource.dart
DA:10,0
DA:53,0
DA:54,0
DA:55,0
DA:58,0
DA:60,0
DA:63,0
DA:65,0
DA:66,0
DA:69,0
DA:71,0
DA:73,0
DA:74,0
DA:75,0
DA:76,0
DA:77,0
DA:78,0
DA:79,0
DA:81,0
DA:82,0
DA:85,0
DA:86,0
DA:87,0
DA:89,0
DA:92,0
DA:94,0
DA:97,0
DA:98,0
DA:99,0
LF:29
LH:0
end_of_record
SF:lib\services\training_application_data_model.dart
DA:5,1
DA:11,0
DA:12,0
DA:13,0
DA:14,0
DA:18,0
DA:20,0
DA:22,0
DA:23,0
LF:9
LH:1
end_of_record
SF:lib\services\training_data_model.dart
DA:7,1
DA:14,0
DA:15,0
DA:16,0
DA:17,0
DA:18,0
DA:19,0
DA:23,0
DA:24,0
DA:25,0
DA:27,0
DA:28,0
DA:29,0
DA:30,0
DA:31,0
DA:32,0
DA:33,0
DA:34,0
DA:35,0
DA:36,0
DA:37,0
DA:38,0
LF:22
LH:1
end_of_record
SF:lib\services\training_planning_data_model.dart
DA:9,1
DA:17,0
DA:18,0
DA:19,0
DA:20,0
DA:21,0
DA:22,0
DA:26,0
DA:28,0
DA:30,0
DA:31,0
DA:32,0
DA:33,0
DA:34,0
DA:35,0
LF:15
LH:1
end_of_record
SF:lib\services\training_service.dart
DA:11,1
DA:13,1
DA:15,1
DA:22,2
DA:25,1
DA:32,1
DA:40,2
DA:43,0
DA:44,0
DA:47,0
DA:49,0
DA:52,0
DA:53,0
DA:56,1
DA:61,1
DA:67,2
LF:16
LH:10
end_of_record
SF:lib\screens\Trainings\plan_training_screen.dart
DA:17,0
DA:19,0
DA:20,0
DA:23,0
DA:24,0
DA:34,0
DA:35,0
DA:36,0
DA:37,0
DA:39,0
DA:42,0
DA:43,0
DA:44,0
DA:50,0
DA:51,0
DA:52,0
DA:53,0
DA:55,0
DA:62,0
DA:63,0
DA:64,0
DA:65,0
DA:66,0
DA:67,0
DA:71,0
DA:73,0
DA:75,0
DA:78,0
DA:79,0
DA:80,0
DA:81,0
DA:82,0
DA:83,0
DA:84,0
DA:86,0
DA:88,0
DA:90,0
DA:91,0
DA:92,0
DA:94,0
DA:96,0
DA:97,0
DA:99,0
DA:102,0
DA:103,0
DA:104,0
DA:106,0
DA:107,0
DA:109,0
DA:110,0
DA:111,0
DA:112,0
DA:115,0
DA:117,0
DA:118,0
DA:119,0
DA:120,0
DA:122,0
DA:123,0
DA:127,0
DA:128,0
DA:130,0
DA:132,0
DA:133,0
DA:134,0
DA:137,0
DA:138,0
DA:139,0
DA:143,0
DA:145,0
DA:156,0
DA:160,0
DA:162,0
DA:172,0
DA:173,0
DA:180,0
DA:185,0
DA:186,0
DA:187,0
DA:191,0
DA:194,0
DA:195,0
DA:198,0
DA:200,0
DA:202,0
DA:206,0
DA:208,0
DA:218,0
DA:219,0
DA:226,0
DA:231,0
DA:233,0
DA:234,0
DA:238,0
DA:241,0
DA:242,0
DA:245,0
DA:247,0
DA:249,0
DA:253,0
DA:254,0
DA:256,0
DA:259,0
DA:261,0
DA:263,0
DA:269,0
DA:270,0
DA:273,0
DA:276,0
DA:280,0
DA:281,0
DA:283,0
DA:284,0
DA:286,0
DA:288,0
DA:290,0
DA:292,0
DA:298,0
DA:299,0
DA:302,0
DA:304,0
DA:308,0
DA:309,0
DA:312,0
DA:313,0
LF:125
LH:0
end_of_record
SF:lib\screens\login_screen.dart
DA:6,0
DA:19,0
DA:26,0
DA:28,0
DA:37,0
DA:39,0
DA:41,0
DA:42,0
DA:49,1
DA:51,0
DA:53,0
DA:54,0
DA:55,0
DA:56,0
DA:57,0
DA:63,0
DA:64,0
DA:66,0
DA:68,0
DA:73,0
DA:76,0
DA:77,0
DA:81,0
DA:82,0
DA:85,0
DA:86,0
DA:87,0
DA:88,0
DA:89,0
DA:92,0
DA:93,0
DA:94,0
DA:95,0
LF:33
LH:1
end_of_record
SF:lib\screens\not_allowed_screen.dart
DA:9,0
DA:11,0
DA:12,0
DA:18,0
DA:20,0
DA:22,0
DA:24,0
DA:25,0
DA:26,0
DA:27,0
DA:30,0
DA:32,0
DA:33,0
DA:34,0
DA:35,0
DA:37,0
DA:38,0
DA:42,0
DA:43,0
DA:45,0
DA:47,0
DA:48,0
DA:49,0
DA:51,0
DA:52,0
DA:53,0
DA:55,0
DA:57,0
DA:66,0
DA:67,0
LF:30
LH:0
end_of_record
SF:lib\datasource\user_datasource.dart
DA:7,0
DA:36,0
DA:38,0
DA:39,0
LF:4
LH:0
end_of_record
SF:lib\services\flutter_rbac_users_data_model.dart
DA:6,1
DA:12,0
DA:13,0
DA:14,0
DA:15,0
DA:19,0
DA:21,0
DA:23,0
DA:24,0
LF:9
LH:1
end_of_record
SF:lib\services\user_data_model.dart
DA:8,1
DA:15,0
DA:16,0
DA:17,0
DA:18,0
DA:19,0
DA:20,0
DA:24,0
DA:25,0
DA:27,0
DA:28,0
DA:29,0
DA:30,0
LF:13
LH:1
end_of_record
SF:lib\services\user_service.dart
DA:8,1
DA:10,1
DA:12,1
DA:21,1
DA:23,1
DA:24,1
DA:27,2
LF:7
LH:7
end_of_record
